{"E:\\Course\\Namaste React\\src\\Utils\\appStore.js": {"path":"E:\\Course\\Namaste React\\src\\Utils\\appStore.js","statementMap":{"0":{"start":{"line":4,"column":17},"end":{"line":8,"column":2}}},"fnMap":{},"branchMap":{},"s":{"0":2},"f":{},"b":{},"_coverageSchema":"1a1c01bbd47fc00a2c39e90264f33305004495a9","hash":"1df53e1476f88b317f4c8a0fa8533e3e8b40487e"}
,"E:\\Course\\Namaste React\\src\\components\\Body.js": {"path":"E:\\Course\\Namaste React\\src\\components\\Body.js","statementMap":{"0":{"start":{"line":11,"column":13},"end":{"line":126,"column":1}},"1":{"start":{"line":12,"column":4},"end":{"line":12,"column":28}},"2":{"start":{"line":14,"column":52},"end":{"line":14,"column":64}},"3":{"start":{"line":21,"column":42},"end":{"line":21,"column":54}},"4":{"start":{"line":24,"column":40},"end":{"line":24,"column":52}},"5":{"start":{"line":27,"column":39},"end":{"line":27,"column":72}},"6":{"start":{"line":34,"column":27},"end":{"line":37,"column":5}},"7":{"start":{"line":35,"column":28},"end":{"line":35,"column":84}},"8":{"start":{"line":35,"column":59},"end":{"line":35,"column":83}},"9":{"start":{"line":36,"column":8},"end":{"line":36,"column":35}},"10":{"start":{"line":41,"column":4},"end":{"line":43,"column":10}},"11":{"start":{"line":42,"column":8},"end":{"line":42,"column":20}},"12":{"start":{"line":46,"column":22},"end":{"line":57,"column":5}},"13":{"start":{"line":47,"column":8},"end":{"line":55,"column":9}},"14":{"start":{"line":48,"column":28},"end":{"line":48,"column":53}},"15":{"start":{"line":49,"column":29},"end":{"line":49,"column":49}},"16":{"start":{"line":50,"column":12},"end":{"line":50,"column":104}},"17":{"start":{"line":51,"column":12},"end":{"line":51,"column":111}},"18":{"start":{"line":52,"column":12},"end":{"line":52,"column":106}},"19":{"start":{"line":54,"column":12},"end":{"line":54,"column":31}},"20":{"start":{"line":70,"column":24},"end":{"line":72,"column":5}},"21":{"start":{"line":71,"column":8},"end":{"line":71,"column":37}},"22":{"start":{"line":74,"column":28},"end":{"line":78,"column":5}},"23":{"start":{"line":75,"column":8},"end":{"line":75,"column":26}},"24":{"start":{"line":76,"column":28},"end":{"line":76,"column":124}},"25":{"start":{"line":76,"column":61},"end":{"line":76,"column":123}},"26":{"start":{"line":77,"column":8},"end":{"line":77,"column":35}},"27":{"start":{"line":86,"column":42},"end":{"line":86,"column":65}},"28":{"start":{"line":89,"column":25},"end":{"line":89,"column":42}},"29":{"start":{"line":90,"column":4},"end":{"line":90,"column":98}},"30":{"start":{"line":90,"column":23},"end":{"line":90,"column":98}},"31":{"start":{"line":93,"column":4},"end":{"line":125,"column":5}},"32":{"start":{"line":104,"column":88},"end":{"line":104,"column":115}},"33":{"start":{"line":115,"column":28},"end":{"line":120,"column":35}}},"fnMap":{"0":{"name":"(anonymous_0)","decl":{"start":{"line":11,"column":13},"end":{"line":11,"column":14}},"loc":{"start":{"line":11,"column":19},"end":{"line":126,"column":1}},"line":11},"1":{"name":"(anonymous_1)","decl":{"start":{"line":34,"column":27},"end":{"line":34,"column":28}},"loc":{"start":{"line":34,"column":33},"end":{"line":37,"column":5}},"line":34},"2":{"name":"(anonymous_2)","decl":{"start":{"line":35,"column":52},"end":{"line":35,"column":53}},"loc":{"start":{"line":35,"column":59},"end":{"line":35,"column":83}},"line":35},"3":{"name":"(anonymous_3)","decl":{"start":{"line":41,"column":14},"end":{"line":41,"column":15}},"loc":{"start":{"line":41,"column":20},"end":{"line":43,"column":5}},"line":41},"4":{"name":"(anonymous_4)","decl":{"start":{"line":46,"column":22},"end":{"line":46,"column":23}},"loc":{"start":{"line":46,"column":34},"end":{"line":57,"column":5}},"line":46},"5":{"name":"(anonymous_5)","decl":{"start":{"line":70,"column":24},"end":{"line":70,"column":25}},"loc":{"start":{"line":70,"column":31},"end":{"line":72,"column":5}},"line":70},"6":{"name":"(anonymous_6)","decl":{"start":{"line":74,"column":28},"end":{"line":74,"column":29}},"loc":{"start":{"line":74,"column":35},"end":{"line":78,"column":5}},"line":74},"7":{"name":"(anonymous_7)","decl":{"start":{"line":76,"column":52},"end":{"line":76,"column":53}},"loc":{"start":{"line":76,"column":61},"end":{"line":76,"column":123}},"line":76},"8":{"name":"(anonymous_8)","decl":{"start":{"line":104,"column":81},"end":{"line":104,"column":82}},"loc":{"start":{"line":104,"column":88},"end":{"line":104,"column":115}},"line":104},"9":{"name":"(anonymous_9)","decl":{"start":{"line":114,"column":42},"end":{"line":114,"column":43}},"loc":{"start":{"line":115,"column":28},"end":{"line":120,"column":35}},"line":115}},"branchMap":{"0":{"loc":{"start":{"line":90,"column":4},"end":{"line":90,"column":98}},"type":"if","locations":[{"start":{"line":90,"column":4},"end":{"line":90,"column":98}},{"start":{},"end":{}}],"line":90},"1":{"loc":{"start":{"line":93,"column":11},"end":{"line":125,"column":5}},"type":"cond-expr","locations":[{"start":{"line":93,"column":43},"end":{"line":93,"column":54}},{"start":{"line":94,"column":8},"end":{"line":123,"column":14}}],"line":93},"2":{"loc":{"start":{"line":112,"column":20},"end":{"line":120,"column":36}},"type":"cond-expr","locations":[{"start":{"line":113,"column":26},"end":{"line":113,"column":52}},{"start":{"line":114,"column":26},"end":{"line":120,"column":36}}],"line":112},"3":{"loc":{"start":{"line":117,"column":36},"end":{"line":117,"column":175}},"type":"cond-expr","locations":[{"start":{"line":117,"column":74},"end":{"line":117,"column":129}},{"start":{"line":117,"column":132},"end":{"line":117,"column":175}}],"line":117}},"s":{"0":1,"1":7,"2":7,"3":7,"4":7,"5":7,"6":7,"7":1,"8":9,"9":1,"10":7,"11":2,"12":7,"13":2,"14":2,"15":2,"16":2,"17":2,"18":2,"19":0,"20":7,"21":1,"22":7,"23":1,"24":1,"25":9,"26":1,"27":7,"28":7,"29":7,"30":0,"31":7,"32":0,"33":30},"f":{"0":7,"1":1,"2":9,"3":2,"4":2,"5":1,"6":1,"7":9,"8":0,"9":30},"b":{"0":[0,7],"1":[2,5],"2":[0,5],"3":[13,17]},"_coverageSchema":"1a1c01bbd47fc00a2c39e90264f33305004495a9","hash":"c603124d264312de7bf9e3616be511c2578a06d6"}
,"E:\\Course\\Namaste React\\src\\components\\Cart.js": {"path":"E:\\Course\\Namaste React\\src\\components\\Cart.js","statementMap":{"0":{"start":{"line":5,"column":13},"end":{"line":28,"column":1}},"1":{"start":{"line":7,"column":22},"end":{"line":7,"column":62}},"2":{"start":{"line":7,"column":45},"end":{"line":7,"column":61}},"3":{"start":{"line":9,"column":21},"end":{"line":9,"column":34}},"4":{"start":{"line":12,"column":28},"end":{"line":14,"column":5}},"5":{"start":{"line":13,"column":8},"end":{"line":13,"column":29}},"6":{"start":{"line":16,"column":4},"end":{"line":27,"column":5}}},"fnMap":{"0":{"name":"(anonymous_0)","decl":{"start":{"line":5,"column":13},"end":{"line":5,"column":14}},"loc":{"start":{"line":5,"column":19},"end":{"line":28,"column":1}},"line":5},"1":{"name":"(anonymous_1)","decl":{"start":{"line":7,"column":34},"end":{"line":7,"column":35}},"loc":{"start":{"line":7,"column":45},"end":{"line":7,"column":61}},"line":7},"2":{"name":"(anonymous_2)","decl":{"start":{"line":12,"column":28},"end":{"line":12,"column":29}},"loc":{"start":{"line":12,"column":33},"end":{"line":14,"column":5}},"line":12}},"branchMap":{"0":{"loc":{"start":{"line":20,"column":17},"end":{"line":20,"column":95}},"type":"binary-expr","locations":[{"start":{"line":20,"column":17},"end":{"line":20,"column":38}},{"start":{"line":20,"column":42},"end":{"line":20,"column":95}}],"line":20},"1":{"loc":{"start":{"line":22,"column":13},"end":{"line":22,"column":111}},"type":"binary-expr","locations":[{"start":{"line":22,"column":13},"end":{"line":22,"column":35}},{"start":{"line":22,"column":39},"end":{"line":22,"column":111}}],"line":22}},"s":{"0":1,"1":5,"2":10,"3":5,"4":5,"5":1,"6":5},"f":{"0":5,"1":10,"2":1},"b":{"0":[5,3],"1":[5,2]},"_coverageSchema":"1a1c01bbd47fc00a2c39e90264f33305004495a9","hash":"0a01838839e655d7b8cd526c6d1fe2fcd3d86208"}
,"E:\\Course\\Namaste React\\src\\components\\Contact.js": {"path":"E:\\Course\\Namaste React\\src\\components\\Contact.js","statementMap":{"0":{"start":{"line":1,"column":16},"end":{"line":13,"column":1}},"1":{"start":{"line":2,"column":4},"end":{"line":12,"column":5}}},"fnMap":{"0":{"name":"(anonymous_0)","decl":{"start":{"line":1,"column":16},"end":{"line":1,"column":17}},"loc":{"start":{"line":1,"column":22},"end":{"line":13,"column":1}},"line":1}},"branchMap":{},"s":{"0":1,"1":4},"f":{"0":4},"b":{},"_coverageSchema":"1a1c01bbd47fc00a2c39e90264f33305004495a9","hash":"9855d2e9ab2906722fee09bcd119418783bdf618"}
,"E:\\Course\\Namaste React\\src\\components\\Header.js": {"path":"E:\\Course\\Namaste React\\src\\components\\Header.js","statementMap":{"0":{"start":{"line":8,"column":15},"end":{"line":54,"column":1}},"1":{"start":{"line":10,"column":30},"end":{"line":10,"column":44}},"2":{"start":{"line":13,"column":29},"end":{"line":13,"column":52}},"3":{"start":{"line":16,"column":22},"end":{"line":16,"column":62}},"4":{"start":{"line":16,"column":45},"end":{"line":16,"column":61}},"5":{"start":{"line":20,"column":27},"end":{"line":22,"column":5}},"6":{"start":{"line":21,"column":8},"end":{"line":21,"column":24}},"7":{"start":{"line":25,"column":4},"end":{"line":27,"column":15}},"8":{"start":{"line":29,"column":25},"end":{"line":29,"column":42}},"9":{"start":{"line":32,"column":4},"end":{"line":53,"column":5}}},"fnMap":{"0":{"name":"(anonymous_0)","decl":{"start":{"line":8,"column":15},"end":{"line":8,"column":16}},"loc":{"start":{"line":8,"column":21},"end":{"line":54,"column":1}},"line":8},"1":{"name":"(anonymous_1)","decl":{"start":{"line":16,"column":34},"end":{"line":16,"column":35}},"loc":{"start":{"line":16,"column":45},"end":{"line":16,"column":61}},"line":16},"2":{"name":"(anonymous_2)","decl":{"start":{"line":20,"column":27},"end":{"line":20,"column":28}},"loc":{"start":{"line":20,"column":33},"end":{"line":22,"column":5}},"line":20},"3":{"name":"(anonymous_3)","decl":{"start":{"line":25,"column":14},"end":{"line":25,"column":15}},"loc":{"start":{"line":25,"column":20},"end":{"line":27,"column":5}},"line":25}},"branchMap":{"0":{"loc":{"start":{"line":42,"column":42},"end":{"line":42,"column":67}},"type":"cond-expr","locations":[{"start":{"line":42,"column":57},"end":{"line":42,"column":60}},{"start":{"line":42,"column":63},"end":{"line":42,"column":67}}],"line":42},"1":{"loc":{"start":{"line":50,"column":63},"end":{"line":50,"column":91}},"type":"cond-expr","locations":[{"start":{"line":50,"column":71},"end":{"line":50,"column":78}},{"start":{"line":50,"column":81},"end":{"line":50,"column":91}}],"line":50},"2":{"loc":{"start":{"line":50,"column":96},"end":{"line":50,"column":125}},"type":"cond-expr","locations":[{"start":{"line":50,"column":104},"end":{"line":50,"column":112}},{"start":{"line":50,"column":115},"end":{"line":50,"column":125}}],"line":50}},"s":{"0":2,"1":9,"2":9,"3":9,"4":17,"5":9,"6":1,"7":9,"8":9,"9":9},"f":{"0":9,"1":17,"2":1,"3":5},"b":{"0":[9,0],"1":[8,1],"2":[8,1]},"_coverageSchema":"1a1c01bbd47fc00a2c39e90264f33305004495a9","hash":"e8da536b5ca3694805d2be531f0b470d7d845811"}
,"E:\\Course\\Namaste React\\src\\components\\ItemsList.js": {"path":"E:\\Course\\Namaste React\\src\\components\\ItemsList.js","statementMap":{"0":{"start":{"line":7,"column":18},"end":{"line":43,"column":1}},"1":{"start":{"line":9,"column":21},"end":{"line":9,"column":34}},"2":{"start":{"line":12,"column":32},"end":{"line":14,"column":5}},"3":{"start":{"line":13,"column":8},"end":{"line":13,"column":31}},"4":{"start":{"line":16,"column":4},"end":{"line":42,"column":5}},"5":{"start":{"line":19,"column":83},"end":{"line":19,"column":99}},"6":{"start":{"line":20,"column":16},"end":{"line":39,"column":17}},"7":{"start":{"line":35,"column":54},"end":{"line":35,"column":79}}},"fnMap":{"0":{"name":"(anonymous_0)","decl":{"start":{"line":7,"column":18},"end":{"line":7,"column":19}},"loc":{"start":{"line":7,"column":32},"end":{"line":43,"column":1}},"line":7},"1":{"name":"(anonymous_1)","decl":{"start":{"line":12,"column":32},"end":{"line":12,"column":33}},"loc":{"start":{"line":12,"column":42},"end":{"line":14,"column":5}},"line":12},"2":{"name":"(anonymous_2)","decl":{"start":{"line":18,"column":22},"end":{"line":18,"column":23}},"loc":{"start":{"line":18,"column":32},"end":{"line":40,"column":13}},"line":18},"3":{"name":"(anonymous_3)","decl":{"start":{"line":35,"column":49},"end":{"line":35,"column":50}},"loc":{"start":{"line":35,"column":54},"end":{"line":35,"column":79}},"line":35}},"branchMap":{"0":{"loc":{"start":{"line":24,"column":33},"end":{"line":24,"column":75}},"type":"cond-expr","locations":[{"start":{"line":24,"column":47},"end":{"line":24,"column":58}},{"start":{"line":24,"column":61},"end":{"line":24,"column":75}}],"line":24},"1":{"loc":{"start":{"line":28,"column":110},"end":{"line":28,"column":131}},"type":"binary-expr","locations":[{"start":{"line":28,"column":110},"end":{"line":28,"column":122}},{"start":{"line":28,"column":126},"end":{"line":28,"column":131}}],"line":28},"2":{"loc":{"start":{"line":34,"column":33},"end":{"line":34,"column":99}},"type":"binary-expr","locations":[{"start":{"line":34,"column":33},"end":{"line":34,"column":40}},{"start":{"line":34,"column":44},"end":{"line":34,"column":99}}],"line":34}},"s":{"0":1,"1":7,"2":7,"3":3,"4":7,"5":23,"6":23,"7":3},"f":{"0":7,"1":3,"2":23,"3":3},"b":{"0":[23,0],"1":[23,9],"2":[23,23]},"_coverageSchema":"1a1c01bbd47fc00a2c39e90264f33305004495a9","hash":"697b9f7dbc714058ea7d5aed84897972ef2ef05f"}
,"E:\\Course\\Namaste React\\src\\components\\RestaurantCard.js": {"path":"E:\\Course\\Namaste React\\src\\components\\RestaurantCard.js","statementMap":{"0":{"start":{"line":3,"column":23},"end":{"line":21,"column":1}},"1":{"start":{"line":4,"column":24},"end":{"line":4,"column":29}},"2":{"start":{"line":6,"column":78},"end":{"line":6,"column":91}},"3":{"start":{"line":9,"column":4},"end":{"line":20,"column":5}},"4":{"start":{"line":26,"column":33},"end":{"line":35,"column":1}},"5":{"start":{"line":27,"column":4},"end":{"line":34,"column":5}},"6":{"start":{"line":28,"column":8},"end":{"line":33,"column":9}}},"fnMap":{"0":{"name":"(anonymous_0)","decl":{"start":{"line":3,"column":23},"end":{"line":3,"column":24}},"loc":{"start":{"line":3,"column":34},"end":{"line":21,"column":1}},"line":3},"1":{"name":"(anonymous_1)","decl":{"start":{"line":26,"column":33},"end":{"line":26,"column":34}},"loc":{"start":{"line":26,"column":53},"end":{"line":35,"column":1}},"line":26},"2":{"name":"(anonymous_2)","decl":{"start":{"line":27,"column":11},"end":{"line":27,"column":12}},"loc":{"start":{"line":27,"column":22},"end":{"line":34,"column":5}},"line":27}},"branchMap":{},"s":{"0":2,"1":32,"2":32,"3":32,"4":2,"5":8,"6":14},"f":{"0":32,"1":8,"2":14},"b":{},"_coverageSchema":"1a1c01bbd47fc00a2c39e90264f33305004495a9","hash":"7e44c4427defcbc34e5eebd2f648c0b36f6b238c"}
,"E:\\Course\\Namaste React\\src\\components\\RestaurantMenu.js": {"path":"E:\\Course\\Namaste React\\src\\components\\RestaurantMenu.js","statementMap":{"0":{"start":{"line":7,"column":23},"end":{"line":35,"column":1}},"1":{"start":{"line":10,"column":22},"end":{"line":10,"column":33}},"2":{"start":{"line":12,"column":38},"end":{"line":12,"column":49}},"3":{"start":{"line":14,"column":24},"end":{"line":14,"column":48}},"4":{"start":{"line":18,"column":4},"end":{"line":18,"column":48}},"5":{"start":{"line":18,"column":30},"end":{"line":18,"column":48}},"6":{"start":{"line":21,"column":23},"end":{"line":21,"column":200}},"7":{"start":{"line":21,"column":108},"end":{"line":21,"column":199}},"8":{"start":{"line":25,"column":4},"end":{"line":34,"column":5}},"9":{"start":{"line":30,"column":20},"end":{"line":30,"column":195}},"10":{"start":{"line":30,"column":141},"end":{"line":30,"column":190}}},"fnMap":{"0":{"name":"(anonymous_0)","decl":{"start":{"line":7,"column":23},"end":{"line":7,"column":24}},"loc":{"start":{"line":7,"column":29},"end":{"line":35,"column":1}},"line":7},"1":{"name":"(anonymous_1)","decl":{"start":{"line":21,"column":101},"end":{"line":21,"column":102}},"loc":{"start":{"line":21,"column":108},"end":{"line":21,"column":199}},"line":21},"2":{"name":"(anonymous_2)","decl":{"start":{"line":28,"column":31},"end":{"line":28,"column":32}},"loc":{"start":{"line":30,"column":20},"end":{"line":30,"column":195}},"line":30},"3":{"name":"(anonymous_3)","decl":{"start":{"line":30,"column":136},"end":{"line":30,"column":137}},"loc":{"start":{"line":30,"column":141},"end":{"line":30,"column":190}},"line":30}},"branchMap":{"0":{"loc":{"start":{"line":18,"column":4},"end":{"line":18,"column":48}},"type":"if","locations":[{"start":{"line":18,"column":4},"end":{"line":18,"column":48}},{"start":{},"end":{}}],"line":18},"1":{"loc":{"start":{"line":30,"column":86},"end":{"line":30,"column":120}},"type":"cond-expr","locations":[{"start":{"line":30,"column":108},"end":{"line":30,"column":112}},{"start":{"line":30,"column":115},"end":{"line":30,"column":120}}],"line":30},"2":{"loc":{"start":{"line":30,"column":154},"end":{"line":30,"column":189}},"type":"cond-expr","locations":[{"start":{"line":30,"column":176},"end":{"line":30,"column":181}},{"start":{"line":30,"column":184},"end":{"line":30,"column":189}}],"line":30}},"s":{"0":1,"1":4,"2":3,"3":3,"4":3,"5":1,"6":2,"7":30,"8":2,"9":10,"10":1},"f":{"0":4,"1":30,"2":10,"3":1},"b":{"0":[1,2],"1":[2,8],"2":[0,1]},"_coverageSchema":"1a1c01bbd47fc00a2c39e90264f33305004495a9","hash":"e8ff5763fe02a44afdc590879d4f2a2cf53521d1"}
,"E:\\Course\\Namaste React\\src\\components\\sum.js": {"path":"E:\\Course\\Namaste React\\src\\components\\sum.js","statementMap":{"0":{"start":{"line":1,"column":20},"end":{"line":3,"column":1}},"1":{"start":{"line":2,"column":4},"end":{"line":2,"column":17}}},"fnMap":{"0":{"name":"(anonymous_0)","decl":{"start":{"line":1,"column":20},"end":{"line":1,"column":21}},"loc":{"start":{"line":1,"column":28},"end":{"line":3,"column":1}},"line":1}},"branchMap":{},"s":{"0":1,"1":1},"f":{"0":1},"b":{},"_coverageSchema":"1a1c01bbd47fc00a2c39e90264f33305004495a9","hash":"37c82f2167dc33de33a5c087d56f9768ac87c9de"}
}
