TN:
SF:src\Utils\appStore.js
FNF:0
FNH:0
DA:4,2
LF:1
LH:1
BRF:0
BRH:0
end_of_record
TN:
SF:src\components\Body.js
FN:11,(anonymous_0)
FN:34,(anonymous_1)
FN:35,(anonymous_2)
FN:41,(anonymous_3)
FN:46,(anonymous_4)
FN:70,(anonymous_5)
FN:74,(anonymous_6)
FN:76,(anonymous_7)
FN:104,(anonymous_8)
FN:114,(anonymous_9)
FNF:10
FNH:9
FNDA:7,(anonymous_0)
FNDA:1,(anonymous_1)
FNDA:9,(anonymous_2)
FNDA:2,(anonymous_3)
FNDA:2,(anonymous_4)
FNDA:1,(anonymous_5)
FNDA:1,(anonymous_6)
FNDA:9,(anonymous_7)
FNDA:0,(anonymous_8)
FNDA:30,(anonymous_9)
DA:11,1
DA:12,7
DA:14,7
DA:21,7
DA:24,7
DA:27,7
DA:34,7
DA:35,9
DA:36,1
DA:41,7
DA:42,2
DA:46,7
DA:47,2
DA:48,2
DA:49,2
DA:50,2
DA:51,2
DA:52,2
DA:54,0
DA:70,7
DA:71,1
DA:74,7
DA:75,1
DA:76,9
DA:77,1
DA:86,7
DA:89,7
DA:90,7
DA:93,7
DA:104,0
DA:115,30
LF:31
LH:29
BRDA:90,0,0,0
BRDA:90,0,1,7
BRDA:93,1,0,2
BRDA:93,1,1,5
BRDA:112,2,0,0
BRDA:112,2,1,5
BRDA:117,3,0,13
BRDA:117,3,1,17
BRF:8
BRH:6
end_of_record
TN:
SF:src\components\Cart.js
FN:5,(anonymous_0)
FN:7,(anonymous_1)
FN:12,(anonymous_2)
FNF:3
FNH:3
FNDA:5,(anonymous_0)
FNDA:10,(anonymous_1)
FNDA:1,(anonymous_2)
DA:5,1
DA:7,10
DA:9,5
DA:12,5
DA:13,1
DA:16,5
LF:6
LH:6
BRDA:20,0,0,5
BRDA:20,0,1,3
BRDA:22,1,0,5
BRDA:22,1,1,2
BRF:4
BRH:4
end_of_record
TN:
SF:src\components\Contact.js
FN:1,(anonymous_0)
FNF:1
FNH:1
FNDA:4,(anonymous_0)
DA:1,1
DA:2,4
LF:2
LH:2
BRF:0
BRH:0
end_of_record
TN:
SF:src\components\Header.js
FN:8,(anonymous_0)
FN:16,(anonymous_1)
FN:20,(anonymous_2)
FN:25,(anonymous_3)
FNF:4
FNH:4
FNDA:9,(anonymous_0)
FNDA:17,(anonymous_1)
FNDA:1,(anonymous_2)
FNDA:5,(anonymous_3)
DA:8,2
DA:10,9
DA:13,9
DA:16,17
DA:20,9
DA:21,1
DA:25,9
DA:29,9
DA:32,9
LF:9
LH:9
BRDA:42,0,0,9
BRDA:42,0,1,0
BRDA:50,1,0,8
BRDA:50,1,1,1
BRDA:50,2,0,8
BRDA:50,2,1,1
BRF:6
BRH:5
end_of_record
TN:
SF:src\components\ItemsList.js
FN:7,(anonymous_0)
FN:12,(anonymous_1)
FN:18,(anonymous_2)
FN:35,(anonymous_3)
FNF:4
FNH:4
FNDA:7,(anonymous_0)
FNDA:3,(anonymous_1)
FNDA:23,(anonymous_2)
FNDA:3,(anonymous_3)
DA:7,1
DA:9,7
DA:12,7
DA:13,3
DA:16,7
DA:19,23
DA:20,23
DA:35,3
LF:8
LH:8
BRDA:24,0,0,23
BRDA:24,0,1,0
BRDA:28,1,0,23
BRDA:28,1,1,9
BRDA:34,2,0,23
BRDA:34,2,1,23
BRF:6
BRH:5
end_of_record
TN:
SF:src\components\RestaurantCard.js
FN:3,(anonymous_0)
FN:26,(anonymous_1)
FN:27,(anonymous_2)
FNF:3
FNH:3
FNDA:32,(anonymous_0)
FNDA:8,(anonymous_1)
FNDA:14,(anonymous_2)
DA:3,2
DA:4,32
DA:6,32
DA:9,32
DA:26,2
DA:27,8
DA:28,14
LF:7
LH:7
BRF:0
BRH:0
end_of_record
TN:
SF:src\components\RestaurantMenu.js
FN:7,(anonymous_0)
FN:21,(anonymous_1)
FN:28,(anonymous_2)
FN:30,(anonymous_3)
FNF:4
FNH:4
FNDA:4,(anonymous_0)
FNDA:30,(anonymous_1)
FNDA:10,(anonymous_2)
FNDA:1,(anonymous_3)
DA:7,1
DA:10,4
DA:12,3
DA:14,3
DA:18,3
DA:21,30
DA:25,2
DA:30,10
LF:8
LH:8
BRDA:18,0,0,1
BRDA:18,0,1,2
BRDA:30,1,0,2
BRDA:30,1,1,8
BRDA:30,2,0,0
BRDA:30,2,1,1
BRF:6
BRH:5
end_of_record
TN:
SF:src\components\sum.js
FN:1,(anonymous_0)
FNF:1
FNH:1
FNDA:1,(anonymous_0)
DA:1,1
DA:2,1
LF:2
LH:2
BRF:0
BRH:0
end_of_record
